-----------------------------------------------------------
Server listening on 5050
-----------------------------------------------------------
Accepted connection from 10.0.0.2, port 52133
[  6] local 10.0.0.5 port 5050 connected to 10.0.0.2 port 5050
[ ID] Interval           Transfer     Bandwidth
[  6]   0.00-1.00   sec   362 KBytes  2.96 Mbits/sec                  
[  6]   1.00-2.02   sec   216 KBytes  1.74 Mbits/sec                  
[  6]   2.02-3.01   sec   279 KBytes  2.30 Mbits/sec                  
[  6]   3.01-4.00   sec   653 KBytes  5.43 Mbits/sec                  
[  6]   4.00-5.00   sec   257 KBytes  2.11 Mbits/sec                  
[  6]   5.00-6.01   sec   645 KBytes  5.23 Mbits/sec                  
[  6]   6.01-7.02   sec   221 KBytes  1.79 Mbits/sec                  
[  6]   7.02-8.01   sec   352 KBytes  2.91 Mbits/sec                  
[  6]   8.01-9.00   sec   280 KBytes  2.31 Mbits/sec                  
[  6]   9.00-10.00  sec   710 KBytes  5.81 Mbits/sec                  
[  6]  10.00-11.02  sec   321 KBytes  2.57 Mbits/sec                  
[  6]  11.02-11.20  sec   199 KBytes  9.10 Mbits/sec                  
- - - - - - - - - - - - - - - - - - - - - - - - -
[ ID] Interval           Transfer     Bandwidth
[  6]   0.00-11.20  sec  0.00 Bytes  0.00 bits/sec                  sender
[  6]   0.00-11.20  sec  4.39 MBytes  3.29 Mbits/sec                  receiver
